[14-Sep-2018 21:34:54 UTC] PHP Warning:  require(/home/guyfarro/public_html/escape/vendor/composer/../laravel/framework/src/Illuminate/Foundation/helpers.php): failed to open stream: No such file or directory in /home/guyfarro/public_html/escape/vendor/composer/autoload_real.php on line 66
[14-Sep-2018 21:34:54 UTC] PHP Warning:  require(/home/guyfarro/public_html/escape/vendor/composer/../laravel/framework/src/Illuminate/Foundation/helpers.php): failed to open stream: No such file or directory in /home/guyfarro/public_html/escape/vendor/composer/autoload_real.php on line 66
[14-Sep-2018 21:34:54 UTC] PHP Fatal error:  require(): Failed opening required '/home/guyfarro/public_html/escape/vendor/composer/../laravel/framework/src/Illuminate/Foundation/helpers.php' (include_path='.:/opt/cpanel/ea-php72/root/usr/share/pear') in /home/guyfarro/public_html/escape/vendor/composer/autoload_real.php on line 66
[14-Sep-2018 21:34:56 UTC] PHP Warning:  require(/home/guyfarro/public_html/escape/vendor/composer/../laravel/framework/src/Illuminate/Foundation/helpers.php): failed to open stream: No such file or directory in /home/guyfarro/public_html/escape/vendor/composer/autoload_real.php on line 66
[14-Sep-2018 21:34:56 UTC] PHP Warning:  require(/home/guyfarro/public_html/escape/vendor/composer/../laravel/framework/src/Illuminate/Foundation/helpers.php): failed to open stream: No such file or directory in /home/guyfarro/public_html/escape/vendor/composer/autoload_real.php on line 66
[14-Sep-2018 21:34:56 UTC] PHP Fatal error:  require(): Failed opening required '/home/guyfarro/public_html/escape/vendor/composer/../laravel/framework/src/Illuminate/Foundation/helpers.php' (include_path='.:/opt/cpanel/ea-php72/root/usr/share/pear') in /home/guyfarro/public_html/escape/vendor/composer/autoload_real.php on line 66
[14-Sep-2018 21:37:20 UTC] PHP Warning:  include(/home/guyfarro/public_html/escape/vendor/composer/../laravel/framework/src/Illuminate/Contracts/Container/Container.php): failed to open stream: No such file or directory in /home/guyfarro/public_html/escape/vendor/composer/ClassLoader.php on line 444
[14-Sep-2018 21:37:20 UTC] PHP Warning:  include(/home/guyfarro/public_html/escape/vendor/composer/../laravel/framework/src/Illuminate/Contracts/Container/Container.php): failed to open stream: No such file or directory in /home/guyfarro/public_html/escape/vendor/composer/ClassLoader.php on line 444
[14-Sep-2018 21:37:20 UTC] PHP Warning:  include(): Failed opening '/home/guyfarro/public_html/escape/vendor/composer/../laravel/framework/src/Illuminate/Contracts/Container/Container.php' for inclusion (include_path='.:/opt/cpanel/ea-php72/root/usr/share/pear') in /home/guyfarro/public_html/escape/vendor/composer/ClassLoader.php on line 444
[14-Sep-2018 21:37:20 UTC] PHP Fatal error:  Interface 'Illuminate\Contracts\Container\Container' not found in /home/guyfarro/public_html/escape/vendor/laravel/framework/src/Illuminate/Container/Container.php on line 13
[14-Sep-2018 21:37:21 UTC] PHP Warning:  include(/home/guyfarro/public_html/escape/vendor/composer/../laravel/framework/src/Illuminate/Contracts/Container/Container.php): failed to open stream: No such file or directory in /home/guyfarro/public_html/escape/vendor/composer/ClassLoader.php on line 444
[14-Sep-2018 21:37:21 UTC] PHP Warning:  include(/home/guyfarro/public_html/escape/vendor/composer/../laravel/framework/src/Illuminate/Contracts/Container/Container.php): failed to open stream: No such file or directory in /home/guyfarro/public_html/escape/vendor/composer/ClassLoader.php on line 444
[14-Sep-2018 21:37:21 UTC] PHP Warning:  include(): Failed opening '/home/guyfarro/public_html/escape/vendor/composer/../laravel/framework/src/Illuminate/Contracts/Container/Container.php' for inclusion (include_path='.:/opt/cpanel/ea-php72/root/usr/share/pear') in /home/guyfarro/public_html/escape/vendor/composer/ClassLoader.php on line 444
[14-Sep-2018 21:37:21 UTC] PHP Fatal error:  Interface 'Illuminate\Contracts\Container\Container' not found in /home/guyfarro/public_html/escape/vendor/laravel/framework/src/Illuminate/Container/Container.php on line 13
[14-Sep-2018 21:38:38 UTC] PHP Warning:  include(/home/guyfarro/public_html/escape/vendor/composer/../laravel/framework/src/Illuminate/Contracts/Container/Container.php): failed to open stream: No such file or directory in /home/guyfarro/public_html/escape/vendor/composer/ClassLoader.php on line 444
[14-Sep-2018 21:38:38 UTC] PHP Warning:  include(/home/guyfarro/public_html/escape/vendor/composer/../laravel/framework/src/Illuminate/Contracts/Container/Container.php): failed to open stream: No such file or directory in /home/guyfarro/public_html/escape/vendor/composer/ClassLoader.php on line 444
[14-Sep-2018 21:38:38 UTC] PHP Warning:  include(): Failed opening '/home/guyfarro/public_html/escape/vendor/composer/../laravel/framework/src/Illuminate/Contracts/Container/Container.php' for inclusion (include_path='.:/opt/cpanel/ea-php72/root/usr/share/pear') in /home/guyfarro/public_html/escape/vendor/composer/ClassLoader.php on line 444
[14-Sep-2018 21:38:38 UTC] PHP Fatal error:  Interface 'Illuminate\Contracts\Container\Container' not found in /home/guyfarro/public_html/escape/vendor/laravel/framework/src/Illuminate/Container/Container.php on line 13
[14-Sep-2018 21:38:39 UTC] PHP Warning:  include(/home/guyfarro/public_html/escape/vendor/composer/../laravel/framework/src/Illuminate/Contracts/Container/Container.php): failed to open stream: No such file or directory in /home/guyfarro/public_html/escape/vendor/composer/ClassLoader.php on line 444
[14-Sep-2018 21:38:39 UTC] PHP Warning:  include(/home/guyfarro/public_html/escape/vendor/composer/../laravel/framework/src/Illuminate/Contracts/Container/Container.php): failed to open stream: No such file or directory in /home/guyfarro/public_html/escape/vendor/composer/ClassLoader.php on line 444
[14-Sep-2018 21:38:39 UTC] PHP Warning:  include(): Failed opening '/home/guyfarro/public_html/escape/vendor/composer/../laravel/framework/src/Illuminate/Contracts/Container/Container.php' for inclusion (include_path='.:/opt/cpanel/ea-php72/root/usr/share/pear') in /home/guyfarro/public_html/escape/vendor/composer/ClassLoader.php on line 444
[14-Sep-2018 21:38:39 UTC] PHP Fatal error:  Interface 'Illuminate\Contracts\Container\Container' not found in /home/guyfarro/public_html/escape/vendor/laravel/framework/src/Illuminate/Container/Container.php on line 13
[14-Sep-2018 21:39:12 UTC] PHP Warning:  include(/home/guyfarro/public_html/escape/vendor/composer/../laravel/framework/src/Illuminate/Support/Traits/Macroable.php): failed to open stream: No such file or directory in /home/guyfarro/public_html/escape/vendor/composer/ClassLoader.php on line 444
[14-Sep-2018 21:39:12 UTC] PHP Warning:  include(/home/guyfarro/public_html/escape/vendor/composer/../laravel/framework/src/Illuminate/Support/Traits/Macroable.php): failed to open stream: No such file or directory in /home/guyfarro/public_html/escape/vendor/composer/ClassLoader.php on line 444
[14-Sep-2018 21:39:12 UTC] PHP Warning:  include(): Failed opening '/home/guyfarro/public_html/escape/vendor/composer/../laravel/framework/src/Illuminate/Support/Traits/Macroable.php' for inclusion (include_path='.:/opt/cpanel/ea-php72/root/usr/share/pear') in /home/guyfarro/public_html/escape/vendor/composer/ClassLoader.php on line 444
[14-Sep-2018 21:39:12 UTC] PHP Fatal error:  Trait 'Illuminate\Support\Traits\Macroable' not found in /home/guyfarro/public_html/escape/vendor/laravel/framework/src/Illuminate/Filesystem/Filesystem.php on line 13
[03-Nov-2018 00:32:26 UTC] PHP Fatal error:  Uncaught RuntimeException: A facade root has not been set. in /home/guyfarro/public_html/escape/vendor/laravel/framework/src/Illuminate/Support/Facades/Facade.php:220
Stack trace:
#0 /home/guyfarro/public_html/escape/vendor/laravel/framework/src/Illuminate/Foundation/Exceptions/Handler.php(396): Illuminate\Support\Facades\Facade::__callStatic('replaceNamespac...', Array)
#1 /home/guyfarro/public_html/escape/vendor/laravel/framework/src/Illuminate/Foundation/Exceptions/Handler.php(373): Illuminate\Foundation\Exceptions\Handler->registerErrorViewPaths()
#2 /home/guyfarro/public_html/escape/vendor/laravel/framework/src/Illuminate/Foundation/Exceptions/Handler.php(288): Illuminate\Foundation\Exceptions\Handler->renderHttpException(Object(Symfony\Component\HttpKernel\Exception\HttpException))
#3 /home/guyfarro/public_html/escape/vendor/laravel/framework/src/Illuminate/Foundation/Exceptions/Handler.php(187): Illuminate\Foundation\Exceptions\Handler->prepareResponse(Object(Illuminate\Http\Request), Object(Symfony\Co in /home/guyfarro/public_html/escape/vendor/laravel/framework/src/Illuminate/Support/Facades/Facade.php on line 220
[03-Nov-2018 00:35:22 UTC] PHP Fatal error:  Uncaught RuntimeException: A facade root has not been set. in /home/guyfarro/public_html/escape/vendor/laravel/framework/src/Illuminate/Support/Facades/Facade.php:220
Stack trace:
#0 /home/guyfarro/public_html/escape/vendor/laravel/framework/src/Illuminate/Foundation/Exceptions/Handler.php(396): Illuminate\Support\Facades\Facade::__callStatic('replaceNamespac...', Array)
#1 /home/guyfarro/public_html/escape/vendor/laravel/framework/src/Illuminate/Foundation/Exceptions/Handler.php(373): Illuminate\Foundation\Exceptions\Handler->registerErrorViewPaths()
#2 /home/guyfarro/public_html/escape/vendor/laravel/framework/src/Illuminate/Foundation/Exceptions/Handler.php(288): Illuminate\Foundation\Exceptions\Handler->renderHttpException(Object(Symfony\Component\HttpKernel\Exception\HttpException))
#3 /home/guyfarro/public_html/escape/vendor/laravel/framework/src/Illuminate/Foundation/Exceptions/Handler.php(187): Illuminate\Foundation\Exceptions\Handler->prepareResponse(Object(Illuminate\Http\Request), Object(Symfony\Co in /home/guyfarro/public_html/escape/vendor/laravel/framework/src/Illuminate/Support/Facades/Facade.php on line 220
[03-Nov-2018 00:35:30 UTC] PHP Fatal error:  Uncaught RuntimeException: A facade root has not been set. in /home/guyfarro/public_html/escape/vendor/laravel/framework/src/Illuminate/Support/Facades/Facade.php:220
Stack trace:
#0 /home/guyfarro/public_html/escape/vendor/laravel/framework/src/Illuminate/Foundation/Exceptions/Handler.php(396): Illuminate\Support\Facades\Facade::__callStatic('replaceNamespac...', Array)
#1 /home/guyfarro/public_html/escape/vendor/laravel/framework/src/Illuminate/Foundation/Exceptions/Handler.php(373): Illuminate\Foundation\Exceptions\Handler->registerErrorViewPaths()
#2 /home/guyfarro/public_html/escape/vendor/laravel/framework/src/Illuminate/Foundation/Exceptions/Handler.php(288): Illuminate\Foundation\Exceptions\Handler->renderHttpException(Object(Symfony\Component\HttpKernel\Exception\HttpException))
#3 /home/guyfarro/public_html/escape/vendor/laravel/framework/src/Illuminate/Foundation/Exceptions/Handler.php(187): Illuminate\Foundation\Exceptions\Handler->prepareResponse(Object(Illuminate\Http\Request), Object(Symfony\Co in /home/guyfarro/public_html/escape/vendor/laravel/framework/src/Illuminate/Support/Facades/Facade.php on line 220
[03-Nov-2018 00:36:21 UTC] PHP Fatal error:  Uncaught RuntimeException: A facade root has not been set. in /home/guyfarro/public_html/escape/vendor/laravel/framework/src/Illuminate/Support/Facades/Facade.php:220
Stack trace:
#0 /home/guyfarro/public_html/escape/vendor/laravel/framework/src/Illuminate/Foundation/Exceptions/Handler.php(396): Illuminate\Support\Facades\Facade::__callStatic('replaceNamespac...', Array)
#1 /home/guyfarro/public_html/escape/vendor/laravel/framework/src/Illuminate/Foundation/Exceptions/Handler.php(373): Illuminate\Foundation\Exceptions\Handler->registerErrorViewPaths()
#2 /home/guyfarro/public_html/escape/vendor/laravel/framework/src/Illuminate/Foundation/Exceptions/Handler.php(288): Illuminate\Foundation\Exceptions\Handler->renderHttpException(Object(Symfony\Component\HttpKernel\Exception\HttpException))
#3 /home/guyfarro/public_html/escape/vendor/laravel/framework/src/Illuminate/Foundation/Exceptions/Handler.php(187): Illuminate\Foundation\Exceptions\Handler->prepareResponse(Object(Illuminate\Http\Request), Object(Symfony\Co in /home/guyfarro/public_html/escape/vendor/laravel/framework/src/Illuminate/Support/Facades/Facade.php on line 220
[03-Nov-2018 00:36:23 UTC] PHP Fatal error:  Uncaught RuntimeException: A facade root has not been set. in /home/guyfarro/public_html/escape/vendor/laravel/framework/src/Illuminate/Support/Facades/Facade.php:220
Stack trace:
#0 /home/guyfarro/public_html/escape/vendor/laravel/framework/src/Illuminate/Foundation/Exceptions/Handler.php(396): Illuminate\Support\Facades\Facade::__callStatic('replaceNamespac...', Array)
#1 /home/guyfarro/public_html/escape/vendor/laravel/framework/src/Illuminate/Foundation/Exceptions/Handler.php(373): Illuminate\Foundation\Exceptions\Handler->registerErrorViewPaths()
#2 /home/guyfarro/public_html/escape/vendor/laravel/framework/src/Illuminate/Foundation/Exceptions/Handler.php(288): Illuminate\Foundation\Exceptions\Handler->renderHttpException(Object(Symfony\Component\HttpKernel\Exception\HttpException))
#3 /home/guyfarro/public_html/escape/vendor/laravel/framework/src/Illuminate/Foundation/Exceptions/Handler.php(187): Illuminate\Foundation\Exceptions\Handler->prepareResponse(Object(Illuminate\Http\Request), Object(Symfony\Co in /home/guyfarro/public_html/escape/vendor/laravel/framework/src/Illuminate/Support/Facades/Facade.php on line 220
[03-Nov-2018 00:36:24 UTC] PHP Fatal error:  Uncaught RuntimeException: A facade root has not been set. in /home/guyfarro/public_html/escape/vendor/laravel/framework/src/Illuminate/Support/Facades/Facade.php:220
Stack trace:
#0 /home/guyfarro/public_html/escape/vendor/laravel/framework/src/Illuminate/Foundation/Exceptions/Handler.php(396): Illuminate\Support\Facades\Facade::__callStatic('replaceNamespac...', Array)
#1 /home/guyfarro/public_html/escape/vendor/laravel/framework/src/Illuminate/Foundation/Exceptions/Handler.php(373): Illuminate\Foundation\Exceptions\Handler->registerErrorViewPaths()
#2 /home/guyfarro/public_html/escape/vendor/laravel/framework/src/Illuminate/Foundation/Exceptions/Handler.php(288): Illuminate\Foundation\Exceptions\Handler->renderHttpException(Object(Symfony\Component\HttpKernel\Exception\HttpException))
#3 /home/guyfarro/public_html/escape/vendor/laravel/framework/src/Illuminate/Foundation/Exceptions/Handler.php(187): Illuminate\Foundation\Exceptions\Handler->prepareResponse(Object(Illuminate\Http\Request), Object(Symfony\Co in /home/guyfarro/public_html/escape/vendor/laravel/framework/src/Illuminate/Support/Facades/Facade.php on line 220
[03-Nov-2018 00:36:26 UTC] PHP Fatal error:  Uncaught RuntimeException: A facade root has not been set. in /home/guyfarro/public_html/escape/vendor/laravel/framework/src/Illuminate/Support/Facades/Facade.php:220
Stack trace:
#0 /home/guyfarro/public_html/escape/vendor/laravel/framework/src/Illuminate/Foundation/Exceptions/Handler.php(396): Illuminate\Support\Facades\Facade::__callStatic('replaceNamespac...', Array)
#1 /home/guyfarro/public_html/escape/vendor/laravel/framework/src/Illuminate/Foundation/Exceptions/Handler.php(373): Illuminate\Foundation\Exceptions\Handler->registerErrorViewPaths()
#2 /home/guyfarro/public_html/escape/vendor/laravel/framework/src/Illuminate/Foundation/Exceptions/Handler.php(288): Illuminate\Foundation\Exceptions\Handler->renderHttpException(Object(Symfony\Component\HttpKernel\Exception\HttpException))
#3 /home/guyfarro/public_html/escape/vendor/laravel/framework/src/Illuminate/Foundation/Exceptions/Handler.php(187): Illuminate\Foundation\Exceptions\Handler->prepareResponse(Object(Illuminate\Http\Request), Object(Symfony\Co in /home/guyfarro/public_html/escape/vendor/laravel/framework/src/Illuminate/Support/Facades/Facade.php on line 220
[03-Nov-2018 00:36:45 UTC] PHP Fatal error:  Uncaught RuntimeException: A facade root has not been set. in /home/guyfarro/public_html/escape/vendor/laravel/framework/src/Illuminate/Support/Facades/Facade.php:220
Stack trace:
#0 /home/guyfarro/public_html/escape/vendor/laravel/framework/src/Illuminate/Foundation/Exceptions/Handler.php(396): Illuminate\Support\Facades\Facade::__callStatic('replaceNamespac...', Array)
#1 /home/guyfarro/public_html/escape/vendor/laravel/framework/src/Illuminate/Foundation/Exceptions/Handler.php(373): Illuminate\Foundation\Exceptions\Handler->registerErrorViewPaths()
#2 /home/guyfarro/public_html/escape/vendor/laravel/framework/src/Illuminate/Foundation/Exceptions/Handler.php(288): Illuminate\Foundation\Exceptions\Handler->renderHttpException(Object(Symfony\Component\HttpKernel\Exception\HttpException))
#3 /home/guyfarro/public_html/escape/vendor/laravel/framework/src/Illuminate/Foundation/Exceptions/Handler.php(187): Illuminate\Foundation\Exceptions\Handler->prepareResponse(Object(Illuminate\Http\Request), Object(Symfony\Co in /home/guyfarro/public_html/escape/vendor/laravel/framework/src/Illuminate/Support/Facades/Facade.php on line 220
[03-Nov-2018 00:36:50 UTC] PHP Fatal error:  Uncaught RuntimeException: A facade root has not been set. in /home/guyfarro/public_html/escape/vendor/laravel/framework/src/Illuminate/Support/Facades/Facade.php:220
Stack trace:
#0 /home/guyfarro/public_html/escape/vendor/laravel/framework/src/Illuminate/Foundation/Exceptions/Handler.php(396): Illuminate\Support\Facades\Facade::__callStatic('replaceNamespac...', Array)
#1 /home/guyfarro/public_html/escape/vendor/laravel/framework/src/Illuminate/Foundation/Exceptions/Handler.php(373): Illuminate\Foundation\Exceptions\Handler->registerErrorViewPaths()
#2 /home/guyfarro/public_html/escape/vendor/laravel/framework/src/Illuminate/Foundation/Exceptions/Handler.php(288): Illuminate\Foundation\Exceptions\Handler->renderHttpException(Object(Symfony\Component\HttpKernel\Exception\HttpException))
#3 /home/guyfarro/public_html/escape/vendor/laravel/framework/src/Illuminate/Foundation/Exceptions/Handler.php(187): Illuminate\Foundation\Exceptions\Handler->prepareResponse(Object(Illuminate\Http\Request), Object(Symfony\Co in /home/guyfarro/public_html/escape/vendor/laravel/framework/src/Illuminate/Support/Facades/Facade.php on line 220
[03-Nov-2018 00:36:55 UTC] PHP Fatal error:  Uncaught RuntimeException: A facade root has not been set. in /home/guyfarro/public_html/escape/vendor/laravel/framework/src/Illuminate/Support/Facades/Facade.php:220
Stack trace:
#0 /home/guyfarro/public_html/escape/vendor/laravel/framework/src/Illuminate/Foundation/Exceptions/Handler.php(396): Illuminate\Support\Facades\Facade::__callStatic('replaceNamespac...', Array)
#1 /home/guyfarro/public_html/escape/vendor/laravel/framework/src/Illuminate/Foundation/Exceptions/Handler.php(373): Illuminate\Foundation\Exceptions\Handler->registerErrorViewPaths()
#2 /home/guyfarro/public_html/escape/vendor/laravel/framework/src/Illuminate/Foundation/Exceptions/Handler.php(288): Illuminate\Foundation\Exceptions\Handler->renderHttpException(Object(Symfony\Component\HttpKernel\Exception\HttpException))
#3 /home/guyfarro/public_html/escape/vendor/laravel/framework/src/Illuminate/Foundation/Exceptions/Handler.php(187): Illuminate\Foundation\Exceptions\Handler->prepareResponse(Object(Illuminate\Http\Request), Object(Symfony\Co in /home/guyfarro/public_html/escape/vendor/laravel/framework/src/Illuminate/Support/Facades/Facade.php on line 220
[03-Nov-2018 00:40:01 UTC] PHP Fatal error:  Uncaught RuntimeException: A facade root has not been set. in /home/guyfarro/public_html/escape/vendor/laravel/framework/src/Illuminate/Support/Facades/Facade.php:220
Stack trace:
#0 /home/guyfarro/public_html/escape/vendor/laravel/framework/src/Illuminate/Foundation/Exceptions/Handler.php(396): Illuminate\Support\Facades\Facade::__callStatic('replaceNamespac...', Array)
#1 /home/guyfarro/public_html/escape/vendor/laravel/framework/src/Illuminate/Foundation/Exceptions/Handler.php(373): Illuminate\Foundation\Exceptions\Handler->registerErrorViewPaths()
#2 /home/guyfarro/public_html/escape/vendor/laravel/framework/src/Illuminate/Foundation/Exceptions/Handler.php(288): Illuminate\Foundation\Exceptions\Handler->renderHttpException(Object(Symfony\Component\HttpKernel\Exception\HttpException))
#3 /home/guyfarro/public_html/escape/vendor/laravel/framework/src/Illuminate/Foundation/Exceptions/Handler.php(187): Illuminate\Foundation\Exceptions\Handler->prepareResponse(Object(Illuminate\Http\Request), Object(Symfony\Co in /home/guyfarro/public_html/escape/vendor/laravel/framework/src/Illuminate/Support/Facades/Facade.php on line 220
[03-Nov-2018 00:41:02 UTC] PHP Fatal error:  Uncaught RuntimeException: A facade root has not been set. in /home/guyfarro/public_html/escape/vendor/laravel/framework/src/Illuminate/Support/Facades/Facade.php:220
Stack trace:
#0 /home/guyfarro/public_html/escape/vendor/laravel/framework/src/Illuminate/Foundation/Exceptions/Handler.php(396): Illuminate\Support\Facades\Facade::__callStatic('replaceNamespac...', Array)
#1 /home/guyfarro/public_html/escape/vendor/laravel/framework/src/Illuminate/Foundation/Exceptions/Handler.php(373): Illuminate\Foundation\Exceptions\Handler->registerErrorViewPaths()
#2 /home/guyfarro/public_html/escape/vendor/laravel/framework/src/Illuminate/Foundation/Exceptions/Handler.php(288): Illuminate\Foundation\Exceptions\Handler->renderHttpException(Object(Symfony\Component\HttpKernel\Exception\HttpException))
#3 /home/guyfarro/public_html/escape/vendor/laravel/framework/src/Illuminate/Foundation/Exceptions/Handler.php(187): Illuminate\Foundation\Exceptions\Handler->prepareResponse(Object(Illuminate\Http\Request), Object(Symfony\Co in /home/guyfarro/public_html/escape/vendor/laravel/framework/src/Illuminate/Support/Facades/Facade.php on line 220
[03-Nov-2018 00:42:30 UTC] PHP Fatal error:  Uncaught RuntimeException: A facade root has not been set. in /home/guyfarro/public_html/escape/vendor/laravel/framework/src/Illuminate/Support/Facades/Facade.php:220
Stack trace:
#0 /home/guyfarro/public_html/escape/vendor/laravel/framework/src/Illuminate/Foundation/Exceptions/Handler.php(396): Illuminate\Support\Facades\Facade::__callStatic('replaceNamespac...', Array)
#1 /home/guyfarro/public_html/escape/vendor/laravel/framework/src/Illuminate/Foundation/Exceptions/Handler.php(373): Illuminate\Foundation\Exceptions\Handler->registerErrorViewPaths()
#2 /home/guyfarro/public_html/escape/vendor/laravel/framework/src/Illuminate/Foundation/Exceptions/Handler.php(288): Illuminate\Foundation\Exceptions\Handler->renderHttpException(Object(Symfony\Component\HttpKernel\Exception\HttpException))
#3 /home/guyfarro/public_html/escape/vendor/laravel/framework/src/Illuminate/Foundation/Exceptions/Handler.php(187): Illuminate\Foundation\Exceptions\Handler->prepareResponse(Object(Illuminate\Http\Request), Object(Symfony\Co in /home/guyfarro/public_html/escape/vendor/laravel/framework/src/Illuminate/Support/Facades/Facade.php on line 220
[03-Nov-2018 00:44:15 UTC] PHP Fatal error:  Uncaught RuntimeException: A facade root has not been set. in /home/guyfarro/public_html/escape/vendor/laravel/framework/src/Illuminate/Support/Facades/Facade.php:220
Stack trace:
#0 /home/guyfarro/public_html/escape/vendor/laravel/framework/src/Illuminate/Foundation/Exceptions/Handler.php(396): Illuminate\Support\Facades\Facade::__callStatic('replaceNamespac...', Array)
#1 /home/guyfarro/public_html/escape/vendor/laravel/framework/src/Illuminate/Foundation/Exceptions/Handler.php(373): Illuminate\Foundation\Exceptions\Handler->registerErrorViewPaths()
#2 /home/guyfarro/public_html/escape/vendor/laravel/framework/src/Illuminate/Foundation/Exceptions/Handler.php(288): Illuminate\Foundation\Exceptions\Handler->renderHttpException(Object(Symfony\Component\HttpKernel\Exception\HttpException))
#3 /home/guyfarro/public_html/escape/vendor/laravel/framework/src/Illuminate/Foundation/Exceptions/Handler.php(187): Illuminate\Foundation\Exceptions\Handler->prepareResponse(Object(Illuminate\Http\Request), Object(Symfony\Co in /home/guyfarro/public_html/escape/vendor/laravel/framework/src/Illuminate/Support/Facades/Facade.php on line 220
[03-Nov-2018 00:46:09 UTC] PHP Fatal error:  Uncaught RuntimeException: A facade root has not been set. in /home/guyfarro/public_html/escape/vendor/laravel/framework/src/Illuminate/Support/Facades/Facade.php:220
Stack trace:
#0 /home/guyfarro/public_html/escape/vendor/laravel/framework/src/Illuminate/Foundation/Exceptions/Handler.php(396): Illuminate\Support\Facades\Facade::__callStatic('replaceNamespac...', Array)
#1 /home/guyfarro/public_html/escape/vendor/laravel/framework/src/Illuminate/Foundation/Exceptions/Handler.php(373): Illuminate\Foundation\Exceptions\Handler->registerErrorViewPaths()
#2 /home/guyfarro/public_html/escape/vendor/laravel/framework/src/Illuminate/Foundation/Exceptions/Handler.php(288): Illuminate\Foundation\Exceptions\Handler->renderHttpException(Object(Symfony\Component\HttpKernel\Exception\HttpException))
#3 /home/guyfarro/public_html/escape/vendor/laravel/framework/src/Illuminate/Foundation/Exceptions/Handler.php(187): Illuminate\Foundation\Exceptions\Handler->prepareResponse(Object(Illuminate\Http\Request), Object(Symfony\Co in /home/guyfarro/public_html/escape/vendor/laravel/framework/src/Illuminate/Support/Facades/Facade.php on line 220
[03-Nov-2018 00:48:57 UTC] PHP Fatal error:  Uncaught RuntimeException: A facade root has not been set. in /home/guyfarro/public_html/escape/vendor/laravel/framework/src/Illuminate/Support/Facades/Facade.php:220
Stack trace:
#0 /home/guyfarro/public_html/escape/vendor/laravel/framework/src/Illuminate/Foundation/Exceptions/Handler.php(396): Illuminate\Support\Facades\Facade::__callStatic('replaceNamespac...', Array)
#1 /home/guyfarro/public_html/escape/vendor/laravel/framework/src/Illuminate/Foundation/Exceptions/Handler.php(373): Illuminate\Foundation\Exceptions\Handler->registerErrorViewPaths()
#2 /home/guyfarro/public_html/escape/vendor/laravel/framework/src/Illuminate/Foundation/Exceptions/Handler.php(288): Illuminate\Foundation\Exceptions\Handler->renderHttpException(Object(Symfony\Component\HttpKernel\Exception\HttpException))
#3 /home/guyfarro/public_html/escape/vendor/laravel/framework/src/Illuminate/Foundation/Exceptions/Handler.php(187): Illuminate\Foundation\Exceptions\Handler->prepareResponse(Object(Illuminate\Http\Request), Object(Symfony\Co in /home/guyfarro/public_html/escape/vendor/laravel/framework/src/Illuminate/Support/Facades/Facade.php on line 220
[03-Nov-2018 00:49:08 UTC] PHP Fatal error:  Uncaught RuntimeException: A facade root has not been set. in /home/guyfarro/public_html/escape/vendor/laravel/framework/src/Illuminate/Support/Facades/Facade.php:220
Stack trace:
#0 /home/guyfarro/public_html/escape/vendor/laravel/framework/src/Illuminate/Foundation/Exceptions/Handler.php(396): Illuminate\Support\Facades\Facade::__callStatic('replaceNamespac...', Array)
#1 /home/guyfarro/public_html/escape/vendor/laravel/framework/src/Illuminate/Foundation/Exceptions/Handler.php(373): Illuminate\Foundation\Exceptions\Handler->registerErrorViewPaths()
#2 /home/guyfarro/public_html/escape/vendor/laravel/framework/src/Illuminate/Foundation/Exceptions/Handler.php(288): Illuminate\Foundation\Exceptions\Handler->renderHttpException(Object(Symfony\Component\HttpKernel\Exception\HttpException))
#3 /home/guyfarro/public_html/escape/vendor/laravel/framework/src/Illuminate/Foundation/Exceptions/Handler.php(187): Illuminate\Foundation\Exceptions\Handler->prepareResponse(Object(Illuminate\Http\Request), Object(Symfony\Co in /home/guyfarro/public_html/escape/vendor/laravel/framework/src/Illuminate/Support/Facades/Facade.php on line 220
[03-Nov-2018 00:50:48 UTC] PHP Fatal error:  Uncaught RuntimeException: A facade root has not been set. in /home/guyfarro/public_html/escape/vendor/laravel/framework/src/Illuminate/Support/Facades/Facade.php:220
Stack trace:
#0 /home/guyfarro/public_html/escape/vendor/laravel/framework/src/Illuminate/Foundation/Exceptions/Handler.php(396): Illuminate\Support\Facades\Facade::__callStatic('replaceNamespac...', Array)
#1 /home/guyfarro/public_html/escape/vendor/laravel/framework/src/Illuminate/Foundation/Exceptions/Handler.php(373): Illuminate\Foundation\Exceptions\Handler->registerErrorViewPaths()
#2 /home/guyfarro/public_html/escape/vendor/laravel/framework/src/Illuminate/Foundation/Exceptions/Handler.php(288): Illuminate\Foundation\Exceptions\Handler->renderHttpException(Object(Symfony\Component\HttpKernel\Exception\HttpException))
#3 /home/guyfarro/public_html/escape/vendor/laravel/framework/src/Illuminate/Foundation/Exceptions/Handler.php(187): Illuminate\Foundation\Exceptions\Handler->prepareResponse(Object(Illuminate\Http\Request), Object(Symfony\Co in /home/guyfarro/public_html/escape/vendor/laravel/framework/src/Illuminate/Support/Facades/Facade.php on line 220
[03-Nov-2018 00:58:34 UTC] PHP Fatal error:  Uncaught RuntimeException: A facade root has not been set. in /home/guyfarro/public_html/escape/vendor/laravel/framework/src/Illuminate/Support/Facades/Facade.php:220
Stack trace:
#0 /home/guyfarro/public_html/escape/vendor/laravel/framework/src/Illuminate/Foundation/Exceptions/Handler.php(396): Illuminate\Support\Facades\Facade::__callStatic('replaceNamespac...', Array)
#1 /home/guyfarro/public_html/escape/vendor/laravel/framework/src/Illuminate/Foundation/Exceptions/Handler.php(373): Illuminate\Foundation\Exceptions\Handler->registerErrorViewPaths()
#2 /home/guyfarro/public_html/escape/vendor/laravel/framework/src/Illuminate/Foundation/Exceptions/Handler.php(288): Illuminate\Foundation\Exceptions\Handler->renderHttpException(Object(Symfony\Component\HttpKernel\Exception\HttpException))
#3 /home/guyfarro/public_html/escape/vendor/laravel/framework/src/Illuminate/Foundation/Exceptions/Handler.php(187): Illuminate\Foundation\Exceptions\Handler->prepareResponse(Object(Illuminate\Http\Request), Object(Symfony\Co in /home/guyfarro/public_html/escape/vendor/laravel/framework/src/Illuminate/Support/Facades/Facade.php on line 220
[03-Nov-2018 00:58:36 UTC] PHP Fatal error:  Uncaught RuntimeException: A facade root has not been set. in /home/guyfarro/public_html/escape/vendor/laravel/framework/src/Illuminate/Support/Facades/Facade.php:220
Stack trace:
#0 /home/guyfarro/public_html/escape/vendor/laravel/framework/src/Illuminate/Foundation/Exceptions/Handler.php(396): Illuminate\Support\Facades\Facade::__callStatic('replaceNamespac...', Array)
#1 /home/guyfarro/public_html/escape/vendor/laravel/framework/src/Illuminate/Foundation/Exceptions/Handler.php(373): Illuminate\Foundation\Exceptions\Handler->registerErrorViewPaths()
#2 /home/guyfarro/public_html/escape/vendor/laravel/framework/src/Illuminate/Foundation/Exceptions/Handler.php(288): Illuminate\Foundation\Exceptions\Handler->renderHttpException(Object(Symfony\Component\HttpKernel\Exception\HttpException))
#3 /home/guyfarro/public_html/escape/vendor/laravel/framework/src/Illuminate/Foundation/Exceptions/Handler.php(187): Illuminate\Foundation\Exceptions\Handler->prepareResponse(Object(Illuminate\Http\Request), Object(Symfony\Co in /home/guyfarro/public_html/escape/vendor/laravel/framework/src/Illuminate/Support/Facades/Facade.php on line 220
[03-Nov-2018 00:59:55 UTC] PHP Fatal error:  Uncaught RuntimeException: A facade root has not been set. in /home/guyfarro/public_html/escape/vendor/laravel/framework/src/Illuminate/Support/Facades/Facade.php:220
Stack trace:
#0 /home/guyfarro/public_html/escape/vendor/laravel/framework/src/Illuminate/Foundation/Exceptions/Handler.php(396): Illuminate\Support\Facades\Facade::__callStatic('replaceNamespac...', Array)
#1 /home/guyfarro/public_html/escape/vendor/laravel/framework/src/Illuminate/Foundation/Exceptions/Handler.php(373): Illuminate\Foundation\Exceptions\Handler->registerErrorViewPaths()
#2 /home/guyfarro/public_html/escape/vendor/laravel/framework/src/Illuminate/Foundation/Exceptions/Handler.php(288): Illuminate\Foundation\Exceptions\Handler->renderHttpException(Object(Symfony\Component\HttpKernel\Exception\HttpException))
#3 /home/guyfarro/public_html/escape/vendor/laravel/framework/src/Illuminate/Foundation/Exceptions/Handler.php(187): Illuminate\Foundation\Exceptions\Handler->prepareResponse(Object(Illuminate\Http\Request), Object(Symfony\Co in /home/guyfarro/public_html/escape/vendor/laravel/framework/src/Illuminate/Support/Facades/Facade.php on line 220
[03-Nov-2018 01:04:06 UTC] PHP Fatal error:  Uncaught RuntimeException: A facade root has not been set. in /home/guyfarro/public_html/escape/vendor/laravel/framework/src/Illuminate/Support/Facades/Facade.php:220
Stack trace:
#0 /home/guyfarro/public_html/escape/vendor/laravel/framework/src/Illuminate/Foundation/Exceptions/Handler.php(396): Illuminate\Support\Facades\Facade::__callStatic('replaceNamespac...', Array)
#1 /home/guyfarro/public_html/escape/vendor/laravel/framework/src/Illuminate/Foundation/Exceptions/Handler.php(373): Illuminate\Foundation\Exceptions\Handler->registerErrorViewPaths()
#2 /home/guyfarro/public_html/escape/vendor/laravel/framework/src/Illuminate/Foundation/Exceptions/Handler.php(288): Illuminate\Foundation\Exceptions\Handler->renderHttpException(Object(Symfony\Component\HttpKernel\Exception\HttpException))
#3 /home/guyfarro/public_html/escape/vendor/laravel/framework/src/Illuminate/Foundation/Exceptions/Handler.php(187): Illuminate\Foundation\Exceptions\Handler->prepareResponse(Object(Illuminate\Http\Request), Object(Symfony\Co in /home/guyfarro/public_html/escape/vendor/laravel/framework/src/Illuminate/Support/Facades/Facade.php on line 220
[03-Nov-2018 01:06:25 UTC] PHP Fatal error:  Uncaught RuntimeException: A facade root has not been set. in /home/guyfarro/public_html/escape/vendor/laravel/framework/src/Illuminate/Support/Facades/Facade.php:220
Stack trace:
#0 /home/guyfarro/public_html/escape/vendor/laravel/framework/src/Illuminate/Foundation/Exceptions/Handler.php(396): Illuminate\Support\Facades\Facade::__callStatic('replaceNamespac...', Array)
#1 /home/guyfarro/public_html/escape/vendor/laravel/framework/src/Illuminate/Foundation/Exceptions/Handler.php(373): Illuminate\Foundation\Exceptions\Handler->registerErrorViewPaths()
#2 /home/guyfarro/public_html/escape/vendor/laravel/framework/src/Illuminate/Foundation/Exceptions/Handler.php(288): Illuminate\Foundation\Exceptions\Handler->renderHttpException(Object(Symfony\Component\HttpKernel\Exception\HttpException))
#3 /home/guyfarro/public_html/escape/vendor/laravel/framework/src/Illuminate/Foundation/Exceptions/Handler.php(187): Illuminate\Foundation\Exceptions\Handler->prepareResponse(Object(Illuminate\Http\Request), Object(Symfony\Co in /home/guyfarro/public_html/escape/vendor/laravel/framework/src/Illuminate/Support/Facades/Facade.php on line 220
[03-Nov-2018 01:06:28 UTC] PHP Fatal error:  Uncaught RuntimeException: A facade root has not been set. in /home/guyfarro/public_html/escape/vendor/laravel/framework/src/Illuminate/Support/Facades/Facade.php:220
Stack trace:
#0 /home/guyfarro/public_html/escape/vendor/laravel/framework/src/Illuminate/Foundation/Exceptions/Handler.php(396): Illuminate\Support\Facades\Facade::__callStatic('replaceNamespac...', Array)
#1 /home/guyfarro/public_html/escape/vendor/laravel/framework/src/Illuminate/Foundation/Exceptions/Handler.php(373): Illuminate\Foundation\Exceptions\Handler->registerErrorViewPaths()
#2 /home/guyfarro/public_html/escape/vendor/laravel/framework/src/Illuminate/Foundation/Exceptions/Handler.php(288): Illuminate\Foundation\Exceptions\Handler->renderHttpException(Object(Symfony\Component\HttpKernel\Exception\HttpException))
#3 /home/guyfarro/public_html/escape/vendor/laravel/framework/src/Illuminate/Foundation/Exceptions/Handler.php(187): Illuminate\Foundation\Exceptions\Handler->prepareResponse(Object(Illuminate\Http\Request), Object(Symfony\Co in /home/guyfarro/public_html/escape/vendor/laravel/framework/src/Illuminate/Support/Facades/Facade.php on line 220
[03-Nov-2018 01:06:33 UTC] PHP Fatal error:  Uncaught RuntimeException: A facade root has not been set. in /home/guyfarro/public_html/escape/vendor/laravel/framework/src/Illuminate/Support/Facades/Facade.php:220
Stack trace:
#0 /home/guyfarro/public_html/escape/vendor/laravel/framework/src/Illuminate/Foundation/Exceptions/Handler.php(396): Illuminate\Support\Facades\Facade::__callStatic('replaceNamespac...', Array)
#1 /home/guyfarro/public_html/escape/vendor/laravel/framework/src/Illuminate/Foundation/Exceptions/Handler.php(373): Illuminate\Foundation\Exceptions\Handler->registerErrorViewPaths()
#2 /home/guyfarro/public_html/escape/vendor/laravel/framework/src/Illuminate/Foundation/Exceptions/Handler.php(288): Illuminate\Foundation\Exceptions\Handler->renderHttpException(Object(Symfony\Component\HttpKernel\Exception\HttpException))
#3 /home/guyfarro/public_html/escape/vendor/laravel/framework/src/Illuminate/Foundation/Exceptions/Handler.php(187): Illuminate\Foundation\Exceptions\Handler->prepareResponse(Object(Illuminate\Http\Request), Object(Symfony\Co in /home/guyfarro/public_html/escape/vendor/laravel/framework/src/Illuminate/Support/Facades/Facade.php on line 220
[03-Nov-2018 01:09:46 UTC] PHP Fatal error:  Uncaught RuntimeException: A facade root has not been set. in /home/guyfarro/public_html/escape/vendor/laravel/framework/src/Illuminate/Support/Facades/Facade.php:220
Stack trace:
#0 /home/guyfarro/public_html/escape/vendor/laravel/framework/src/Illuminate/Foundation/Exceptions/Handler.php(396): Illuminate\Support\Facades\Facade::__callStatic('replaceNamespac...', Array)
#1 /home/guyfarro/public_html/escape/vendor/laravel/framework/src/Illuminate/Foundation/Exceptions/Handler.php(373): Illuminate\Foundation\Exceptions\Handler->registerErrorViewPaths()
#2 /home/guyfarro/public_html/escape/vendor/laravel/framework/src/Illuminate/Foundation/Exceptions/Handler.php(288): Illuminate\Foundation\Exceptions\Handler->renderHttpException(Object(Symfony\Component\HttpKernel\Exception\HttpException))
#3 /home/guyfarro/public_html/escape/vendor/laravel/framework/src/Illuminate/Foundation/Exceptions/Handler.php(187): Illuminate\Foundation\Exceptions\Handler->prepareResponse(Object(Illuminate\Http\Request), Object(Symfony\Co in /home/guyfarro/public_html/escape/vendor/laravel/framework/src/Illuminate/Support/Facades/Facade.php on line 220
[03-Nov-2018 01:14:37 UTC] PHP Fatal error:  Uncaught RuntimeException: A facade root has not been set. in /home/guyfarro/public_html/escape/vendor/laravel/framework/src/Illuminate/Support/Facades/Facade.php:220
Stack trace:
#0 /home/guyfarro/public_html/escape/vendor/laravel/framework/src/Illuminate/Foundation/Exceptions/Handler.php(396): Illuminate\Support\Facades\Facade::__callStatic('replaceNamespac...', Array)
#1 /home/guyfarro/public_html/escape/vendor/laravel/framework/src/Illuminate/Foundation/Exceptions/Handler.php(373): Illuminate\Foundation\Exceptions\Handler->registerErrorViewPaths()
#2 /home/guyfarro/public_html/escape/vendor/laravel/framework/src/Illuminate/Foundation/Exceptions/Handler.php(288): Illuminate\Foundation\Exceptions\Handler->renderHttpException(Object(Symfony\Component\HttpKernel\Exception\HttpException))
#3 /home/guyfarro/public_html/escape/vendor/laravel/framework/src/Illuminate/Foundation/Exceptions/Handler.php(187): Illuminate\Foundation\Exceptions\Handler->prepareResponse(Object(Illuminate\Http\Request), Object(Symfony\Co in /home/guyfarro/public_html/escape/vendor/laravel/framework/src/Illuminate/Support/Facades/Facade.php on line 220
[03-Nov-2018 01:16:44 UTC] PHP Fatal error:  Uncaught RuntimeException: A facade root has not been set. in /home/guyfarro/public_html/escape/vendor/laravel/framework/src/Illuminate/Support/Facades/Facade.php:220
Stack trace:
#0 /home/guyfarro/public_html/escape/vendor/laravel/framework/src/Illuminate/Foundation/Exceptions/Handler.php(396): Illuminate\Support\Facades\Facade::__callStatic('replaceNamespac...', Array)
#1 /home/guyfarro/public_html/escape/vendor/laravel/framework/src/Illuminate/Foundation/Exceptions/Handler.php(373): Illuminate\Foundation\Exceptions\Handler->registerErrorViewPaths()
#2 /home/guyfarro/public_html/escape/vendor/laravel/framework/src/Illuminate/Foundation/Exceptions/Handler.php(288): Illuminate\Foundation\Exceptions\Handler->renderHttpException(Object(Symfony\Component\HttpKernel\Exception\HttpException))
#3 /home/guyfarro/public_html/escape/vendor/laravel/framework/src/Illuminate/Foundation/Exceptions/Handler.php(187): Illuminate\Foundation\Exceptions\Handler->prepareResponse(Object(Illuminate\Http\Request), Object(Symfony\Co in /home/guyfarro/public_html/escape/vendor/laravel/framework/src/Illuminate/Support/Facades/Facade.php on line 220
[03-Nov-2018 01:16:48 UTC] PHP Fatal error:  Uncaught RuntimeException: A facade root has not been set. in /home/guyfarro/public_html/escape/vendor/laravel/framework/src/Illuminate/Support/Facades/Facade.php:220
Stack trace:
#0 /home/guyfarro/public_html/escape/vendor/laravel/framework/src/Illuminate/Foundation/Exceptions/Handler.php(396): Illuminate\Support\Facades\Facade::__callStatic('replaceNamespac...', Array)
#1 /home/guyfarro/public_html/escape/vendor/laravel/framework/src/Illuminate/Foundation/Exceptions/Handler.php(373): Illuminate\Foundation\Exceptions\Handler->registerErrorViewPaths()
#2 /home/guyfarro/public_html/escape/vendor/laravel/framework/src/Illuminate/Foundation/Exceptions/Handler.php(288): Illuminate\Foundation\Exceptions\Handler->renderHttpException(Object(Symfony\Component\HttpKernel\Exception\HttpException))
#3 /home/guyfarro/public_html/escape/vendor/laravel/framework/src/Illuminate/Foundation/Exceptions/Handler.php(187): Illuminate\Foundation\Exceptions\Handler->prepareResponse(Object(Illuminate\Http\Request), Object(Symfony\Co in /home/guyfarro/public_html/escape/vendor/laravel/framework/src/Illuminate/Support/Facades/Facade.php on line 220
[03-Nov-2018 01:17:32 UTC] PHP Fatal error:  Uncaught RuntimeException: A facade root has not been set. in /home/guyfarro/public_html/escape/vendor/laravel/framework/src/Illuminate/Support/Facades/Facade.php:220
Stack trace:
#0 /home/guyfarro/public_html/escape/vendor/laravel/framework/src/Illuminate/Foundation/Exceptions/Handler.php(396): Illuminate\Support\Facades\Facade::__callStatic('replaceNamespac...', Array)
#1 /home/guyfarro/public_html/escape/vendor/laravel/framework/src/Illuminate/Foundation/Exceptions/Handler.php(373): Illuminate\Foundation\Exceptions\Handler->registerErrorViewPaths()
#2 /home/guyfarro/public_html/escape/vendor/laravel/framework/src/Illuminate/Foundation/Exceptions/Handler.php(288): Illuminate\Foundation\Exceptions\Handler->renderHttpException(Object(Symfony\Component\HttpKernel\Exception\HttpException))
#3 /home/guyfarro/public_html/escape/vendor/laravel/framework/src/Illuminate/Foundation/Exceptions/Handler.php(187): Illuminate\Foundation\Exceptions\Handler->prepareResponse(Object(Illuminate\Http\Request), Object(Symfony\Co in /home/guyfarro/public_html/escape/vendor/laravel/framework/src/Illuminate/Support/Facades/Facade.php on line 220
[03-Nov-2018 01:17:33 UTC] PHP Fatal error:  Uncaught RuntimeException: A facade root has not been set. in /home/guyfarro/public_html/escape/vendor/laravel/framework/src/Illuminate/Support/Facades/Facade.php:220
Stack trace:
#0 /home/guyfarro/public_html/escape/vendor/laravel/framework/src/Illuminate/Foundation/Exceptions/Handler.php(396): Illuminate\Support\Facades\Facade::__callStatic('replaceNamespac...', Array)
#1 /home/guyfarro/public_html/escape/vendor/laravel/framework/src/Illuminate/Foundation/Exceptions/Handler.php(373): Illuminate\Foundation\Exceptions\Handler->registerErrorViewPaths()
#2 /home/guyfarro/public_html/escape/vendor/laravel/framework/src/Illuminate/Foundation/Exceptions/Handler.php(288): Illuminate\Foundation\Exceptions\Handler->renderHttpException(Object(Symfony\Component\HttpKernel\Exception\HttpException))
#3 /home/guyfarro/public_html/escape/vendor/laravel/framework/src/Illuminate/Foundation/Exceptions/Handler.php(187): Illuminate\Foundation\Exceptions\Handler->prepareResponse(Object(Illuminate\Http\Request), Object(Symfony\Co in /home/guyfarro/public_html/escape/vendor/laravel/framework/src/Illuminate/Support/Facades/Facade.php on line 220
[03-Nov-2018 01:17:34 UTC] PHP Fatal error:  Uncaught RuntimeException: A facade root has not been set. in /home/guyfarro/public_html/escape/vendor/laravel/framework/src/Illuminate/Support/Facades/Facade.php:220
Stack trace:
#0 /home/guyfarro/public_html/escape/vendor/laravel/framework/src/Illuminate/Foundation/Exceptions/Handler.php(396): Illuminate\Support\Facades\Facade::__callStatic('replaceNamespac...', Array)
#1 /home/guyfarro/public_html/escape/vendor/laravel/framework/src/Illuminate/Foundation/Exceptions/Handler.php(373): Illuminate\Foundation\Exceptions\Handler->registerErrorViewPaths()
#2 /home/guyfarro/public_html/escape/vendor/laravel/framework/src/Illuminate/Foundation/Exceptions/Handler.php(288): Illuminate\Foundation\Exceptions\Handler->renderHttpException(Object(Symfony\Component\HttpKernel\Exception\HttpException))
#3 /home/guyfarro/public_html/escape/vendor/laravel/framework/src/Illuminate/Foundation/Exceptions/Handler.php(187): Illuminate\Foundation\Exceptions\Handler->prepareResponse(Object(Illuminate\Http\Request), Object(Symfony\Co in /home/guyfarro/public_html/escape/vendor/laravel/framework/src/Illuminate/Support/Facades/Facade.php on line 220
[03-Nov-2018 01:17:35 UTC] PHP Fatal error:  Uncaught RuntimeException: A facade root has not been set. in /home/guyfarro/public_html/escape/vendor/laravel/framework/src/Illuminate/Support/Facades/Facade.php:220
Stack trace:
#0 /home/guyfarro/public_html/escape/vendor/laravel/framework/src/Illuminate/Foundation/Exceptions/Handler.php(396): Illuminate\Support\Facades\Facade::__callStatic('replaceNamespac...', Array)
#1 /home/guyfarro/public_html/escape/vendor/laravel/framework/src/Illuminate/Foundation/Exceptions/Handler.php(373): Illuminate\Foundation\Exceptions\Handler->registerErrorViewPaths()
#2 /home/guyfarro/public_html/escape/vendor/laravel/framework/src/Illuminate/Foundation/Exceptions/Handler.php(288): Illuminate\Foundation\Exceptions\Handler->renderHttpException(Object(Symfony\Component\HttpKernel\Exception\HttpException))
#3 /home/guyfarro/public_html/escape/vendor/laravel/framework/src/Illuminate/Foundation/Exceptions/Handler.php(187): Illuminate\Foundation\Exceptions\Handler->prepareResponse(Object(Illuminate\Http\Request), Object(Symfony\Co in /home/guyfarro/public_html/escape/vendor/laravel/framework/src/Illuminate/Support/Facades/Facade.php on line 220
[03-Nov-2018 01:17:38 UTC] PHP Fatal error:  Uncaught RuntimeException: A facade root has not been set. in /home/guyfarro/public_html/escape/vendor/laravel/framework/src/Illuminate/Support/Facades/Facade.php:220
Stack trace:
#0 /home/guyfarro/public_html/escape/vendor/laravel/framework/src/Illuminate/Foundation/Exceptions/Handler.php(396): Illuminate\Support\Facades\Facade::__callStatic('replaceNamespac...', Array)
#1 /home/guyfarro/public_html/escape/vendor/laravel/framework/src/Illuminate/Foundation/Exceptions/Handler.php(373): Illuminate\Foundation\Exceptions\Handler->registerErrorViewPaths()
#2 /home/guyfarro/public_html/escape/vendor/laravel/framework/src/Illuminate/Foundation/Exceptions/Handler.php(288): Illuminate\Foundation\Exceptions\Handler->renderHttpException(Object(Symfony\Component\HttpKernel\Exception\HttpException))
#3 /home/guyfarro/public_html/escape/vendor/laravel/framework/src/Illuminate/Foundation/Exceptions/Handler.php(187): Illuminate\Foundation\Exceptions\Handler->prepareResponse(Object(Illuminate\Http\Request), Object(Symfony\Co in /home/guyfarro/public_html/escape/vendor/laravel/framework/src/Illuminate/Support/Facades/Facade.php on line 220
[03-Nov-2018 01:18:54 UTC] PHP Fatal error:  Uncaught RuntimeException: A facade root has not been set. in /home/guyfarro/public_html/escape/vendor/laravel/framework/src/Illuminate/Support/Facades/Facade.php:220
Stack trace:
#0 /home/guyfarro/public_html/escape/vendor/laravel/framework/src/Illuminate/Foundation/Exceptions/Handler.php(396): Illuminate\Support\Facades\Facade::__callStatic('replaceNamespac...', Array)
#1 /home/guyfarro/public_html/escape/vendor/laravel/framework/src/Illuminate/Foundation/Exceptions/Handler.php(373): Illuminate\Foundation\Exceptions\Handler->registerErrorViewPaths()
#2 /home/guyfarro/public_html/escape/vendor/laravel/framework/src/Illuminate/Foundation/Exceptions/Handler.php(288): Illuminate\Foundation\Exceptions\Handler->renderHttpException(Object(Symfony\Component\HttpKernel\Exception\HttpException))
#3 /home/guyfarro/public_html/escape/vendor/laravel/framework/src/Illuminate/Foundation/Exceptions/Handler.php(187): Illuminate\Foundation\Exceptions\Handler->prepareResponse(Object(Illuminate\Http\Request), Object(Symfony\Co in /home/guyfarro/public_html/escape/vendor/laravel/framework/src/Illuminate/Support/Facades/Facade.php on line 220
[03-Nov-2018 01:19:00 UTC] PHP Fatal error:  Uncaught RuntimeException: A facade root has not been set. in /home/guyfarro/public_html/escape/vendor/laravel/framework/src/Illuminate/Support/Facades/Facade.php:220
Stack trace:
#0 /home/guyfarro/public_html/escape/vendor/laravel/framework/src/Illuminate/Foundation/Exceptions/Handler.php(396): Illuminate\Support\Facades\Facade::__callStatic('replaceNamespac...', Array)
#1 /home/guyfarro/public_html/escape/vendor/laravel/framework/src/Illuminate/Foundation/Exceptions/Handler.php(373): Illuminate\Foundation\Exceptions\Handler->registerErrorViewPaths()
#2 /home/guyfarro/public_html/escape/vendor/laravel/framework/src/Illuminate/Foundation/Exceptions/Handler.php(288): Illuminate\Foundation\Exceptions\Handler->renderHttpException(Object(Symfony\Component\HttpKernel\Exception\HttpException))
#3 /home/guyfarro/public_html/escape/vendor/laravel/framework/src/Illuminate/Foundation/Exceptions/Handler.php(187): Illuminate\Foundation\Exceptions\Handler->prepareResponse(Object(Illuminate\Http\Request), Object(Symfony\Co in /home/guyfarro/public_html/escape/vendor/laravel/framework/src/Illuminate/Support/Facades/Facade.php on line 220
[03-Nov-2018 01:21:19 UTC] PHP Fatal error:  Uncaught RuntimeException: A facade root has not been set. in /home/guyfarro/public_html/escape/vendor/laravel/framework/src/Illuminate/Support/Facades/Facade.php:220
Stack trace:
#0 /home/guyfarro/public_html/escape/vendor/laravel/framework/src/Illuminate/Foundation/Exceptions/Handler.php(396): Illuminate\Support\Facades\Facade::__callStatic('replaceNamespac...', Array)
#1 /home/guyfarro/public_html/escape/vendor/laravel/framework/src/Illuminate/Foundation/Exceptions/Handler.php(373): Illuminate\Foundation\Exceptions\Handler->registerErrorViewPaths()
#2 /home/guyfarro/public_html/escape/vendor/laravel/framework/src/Illuminate/Foundation/Exceptions/Handler.php(288): Illuminate\Foundation\Exceptions\Handler->renderHttpException(Object(Symfony\Component\HttpKernel\Exception\HttpException))
#3 /home/guyfarro/public_html/escape/vendor/laravel/framework/src/Illuminate/Foundation/Exceptions/Handler.php(187): Illuminate\Foundation\Exceptions\Handler->prepareResponse(Object(Illuminate\Http\Request), Object(Symfony\Co in /home/guyfarro/public_html/escape/vendor/laravel/framework/src/Illuminate/Support/Facades/Facade.php on line 220
[03-Nov-2018 01:21:20 UTC] PHP Fatal error:  Uncaught RuntimeException: A facade root has not been set. in /home/guyfarro/public_html/escape/vendor/laravel/framework/src/Illuminate/Support/Facades/Facade.php:220
Stack trace:
#0 /home/guyfarro/public_html/escape/vendor/laravel/framework/src/Illuminate/Foundation/Exceptions/Handler.php(396): Illuminate\Support\Facades\Facade::__callStatic('replaceNamespac...', Array)
#1 /home/guyfarro/public_html/escape/vendor/laravel/framework/src/Illuminate/Foundation/Exceptions/Handler.php(373): Illuminate\Foundation\Exceptions\Handler->registerErrorViewPaths()
#2 /home/guyfarro/public_html/escape/vendor/laravel/framework/src/Illuminate/Foundation/Exceptions/Handler.php(288): Illuminate\Foundation\Exceptions\Handler->renderHttpException(Object(Symfony\Component\HttpKernel\Exception\HttpException))
#3 /home/guyfarro/public_html/escape/vendor/laravel/framework/src/Illuminate/Foundation/Exceptions/Handler.php(187): Illuminate\Foundation\Exceptions\Handler->prepareResponse(Object(Illuminate\Http\Request), Object(Symfony\Co in /home/guyfarro/public_html/escape/vendor/laravel/framework/src/Illuminate/Support/Facades/Facade.php on line 220
[03-Nov-2018 01:22:18 UTC] PHP Fatal error:  Uncaught RuntimeException: A facade root has not been set. in /home/guyfarro/public_html/escape/vendor/laravel/framework/src/Illuminate/Support/Facades/Facade.php:220
Stack trace:
#0 /home/guyfarro/public_html/escape/vendor/laravel/framework/src/Illuminate/Foundation/Exceptions/Handler.php(396): Illuminate\Support\Facades\Facade::__callStatic('replaceNamespac...', Array)
#1 /home/guyfarro/public_html/escape/vendor/laravel/framework/src/Illuminate/Foundation/Exceptions/Handler.php(373): Illuminate\Foundation\Exceptions\Handler->registerErrorViewPaths()
#2 /home/guyfarro/public_html/escape/vendor/laravel/framework/src/Illuminate/Foundation/Exceptions/Handler.php(288): Illuminate\Foundation\Exceptions\Handler->renderHttpException(Object(Symfony\Component\HttpKernel\Exception\HttpException))
#3 /home/guyfarro/public_html/escape/vendor/laravel/framework/src/Illuminate/Foundation/Exceptions/Handler.php(187): Illuminate\Foundation\Exceptions\Handler->prepareResponse(Object(Illuminate\Http\Request), Object(Symfony\Co in /home/guyfarro/public_html/escape/vendor/laravel/framework/src/Illuminate/Support/Facades/Facade.php on line 220
[03-Nov-2018 01:23:07 UTC] PHP Fatal error:  Uncaught RuntimeException: A facade root has not been set. in /home/guyfarro/public_html/escape/vendor/laravel/framework/src/Illuminate/Support/Facades/Facade.php:220
Stack trace:
#0 /home/guyfarro/public_html/escape/vendor/laravel/framework/src/Illuminate/Foundation/Exceptions/Handler.php(396): Illuminate\Support\Facades\Facade::__callStatic('replaceNamespac...', Array)
#1 /home/guyfarro/public_html/escape/vendor/laravel/framework/src/Illuminate/Foundation/Exceptions/Handler.php(373): Illuminate\Foundation\Exceptions\Handler->registerErrorViewPaths()
#2 /home/guyfarro/public_html/escape/vendor/laravel/framework/src/Illuminate/Foundation/Exceptions/Handler.php(288): Illuminate\Foundation\Exceptions\Handler->renderHttpException(Object(Symfony\Component\HttpKernel\Exception\HttpException))
#3 /home/guyfarro/public_html/escape/vendor/laravel/framework/src/Illuminate/Foundation/Exceptions/Handler.php(187): Illuminate\Foundation\Exceptions\Handler->prepareResponse(Object(Illuminate\Http\Request), Object(Symfony\Co in /home/guyfarro/public_html/escape/vendor/laravel/framework/src/Illuminate/Support/Facades/Facade.php on line 220
[03-Nov-2018 01:23:09 UTC] PHP Fatal error:  Uncaught RuntimeException: A facade root has not been set. in /home/guyfarro/public_html/escape/vendor/laravel/framework/src/Illuminate/Support/Facades/Facade.php:220
Stack trace:
#0 /home/guyfarro/public_html/escape/vendor/laravel/framework/src/Illuminate/Foundation/Exceptions/Handler.php(396): Illuminate\Support\Facades\Facade::__callStatic('replaceNamespac...', Array)
#1 /home/guyfarro/public_html/escape/vendor/laravel/framework/src/Illuminate/Foundation/Exceptions/Handler.php(373): Illuminate\Foundation\Exceptions\Handler->registerErrorViewPaths()
#2 /home/guyfarro/public_html/escape/vendor/laravel/framework/src/Illuminate/Foundation/Exceptions/Handler.php(288): Illuminate\Foundation\Exceptions\Handler->renderHttpException(Object(Symfony\Component\HttpKernel\Exception\HttpException))
#3 /home/guyfarro/public_html/escape/vendor/laravel/framework/src/Illuminate/Foundation/Exceptions/Handler.php(187): Illuminate\Foundation\Exceptions\Handler->prepareResponse(Object(Illuminate\Http\Request), Object(Symfony\Co in /home/guyfarro/public_html/escape/vendor/laravel/framework/src/Illuminate/Support/Facades/Facade.php on line 220
[03-Nov-2018 01:24:31 UTC] PHP Fatal error:  Uncaught RuntimeException: A facade root has not been set. in /home/guyfarro/public_html/escape/vendor/laravel/framework/src/Illuminate/Support/Facades/Facade.php:220
Stack trace:
#0 /home/guyfarro/public_html/escape/vendor/laravel/framework/src/Illuminate/Foundation/Exceptions/Handler.php(396): Illuminate\Support\Facades\Facade::__callStatic('replaceNamespac...', Array)
#1 /home/guyfarro/public_html/escape/vendor/laravel/framework/src/Illuminate/Foundation/Exceptions/Handler.php(373): Illuminate\Foundation\Exceptions\Handler->registerErrorViewPaths()
#2 /home/guyfarro/public_html/escape/vendor/laravel/framework/src/Illuminate/Foundation/Exceptions/Handler.php(288): Illuminate\Foundation\Exceptions\Handler->renderHttpException(Object(Symfony\Component\HttpKernel\Exception\HttpException))
#3 /home/guyfarro/public_html/escape/vendor/laravel/framework/src/Illuminate/Foundation/Exceptions/Handler.php(187): Illuminate\Foundation\Exceptions\Handler->prepareResponse(Object(Illuminate\Http\Request), Object(Symfony\Co in /home/guyfarro/public_html/escape/vendor/laravel/framework/src/Illuminate/Support/Facades/Facade.php on line 220
[03-Nov-2018 01:28:54 UTC] PHP Warning:  require(/home/guyfarro/public_html/escape/vendor/composer/../guzzlehttp/psr7/src/functions_include.php): failed to open stream: No such file or directory in /home/guyfarro/public_html/escape/vendor/composer/autoload_real.php on line 66
[03-Nov-2018 01:28:54 UTC] PHP Warning:  require(/home/guyfarro/public_html/escape/vendor/composer/../guzzlehttp/psr7/src/functions_include.php): failed to open stream: No such file or directory in /home/guyfarro/public_html/escape/vendor/composer/autoload_real.php on line 66
[03-Nov-2018 01:28:54 UTC] PHP Fatal error:  require(): Failed opening required '/home/guyfarro/public_html/escape/vendor/composer/../guzzlehttp/psr7/src/functions_include.php' (include_path='.:/opt/cpanel/ea-php72/root/usr/share/pear') in /home/guyfarro/public_html/escape/vendor/composer/autoload_real.php on line 66
[03-Nov-2018 01:32:09 UTC] PHP Warning:  require(/home/guyfarro/public_html/escape/vendor/composer/../tightenco/collect/src/Collect/Support/helpers.php): failed to open stream: No such file or directory in /home/guyfarro/public_html/escape/vendor/composer/autoload_real.php on line 66
[03-Nov-2018 01:32:09 UTC] PHP Warning:  require(/home/guyfarro/public_html/escape/vendor/composer/../tightenco/collect/src/Collect/Support/helpers.php): failed to open stream: No such file or directory in /home/guyfarro/public_html/escape/vendor/composer/autoload_real.php on line 66
[03-Nov-2018 01:32:09 UTC] PHP Fatal error:  require(): Failed opening required '/home/guyfarro/public_html/escape/vendor/composer/../tightenco/collect/src/Collect/Support/helpers.php' (include_path='.:/opt/cpanel/ea-php72/root/usr/share/pear') in /home/guyfarro/public_html/escape/vendor/composer/autoload_real.php on line 66
[03-Nov-2018 01:33:58 UTC] PHP Warning:  require(/home/guyfarro/public_html/escape/vendor/composer/../tightenco/collect/src/Collect/Support/helpers.php): failed to open stream: No such file or directory in /home/guyfarro/public_html/escape/vendor/composer/autoload_real.php on line 66
[03-Nov-2018 01:33:58 UTC] PHP Warning:  require(/home/guyfarro/public_html/escape/vendor/composer/../tightenco/collect/src/Collect/Support/helpers.php): failed to open stream: No such file or directory in /home/guyfarro/public_html/escape/vendor/composer/autoload_real.php on line 66
[03-Nov-2018 01:33:58 UTC] PHP Fatal error:  require(): Failed opening required '/home/guyfarro/public_html/escape/vendor/composer/../tightenco/collect/src/Collect/Support/helpers.php' (include_path='.:/opt/cpanel/ea-php72/root/usr/share/pear') in /home/guyfarro/public_html/escape/vendor/composer/autoload_real.php on line 66
[03-Nov-2018 01:38:18 UTC] PHP Warning:  require(/home/guyfarro/public_html/escape/vendor/composer/../tightenco/collect/src/Collect/Support/helpers.php): failed to open stream: No such file or directory in /home/guyfarro/public_html/escape/vendor/composer/autoload_real.php on line 66
[03-Nov-2018 01:38:18 UTC] PHP Warning:  require(/home/guyfarro/public_html/escape/vendor/composer/../tightenco/collect/src/Collect/Support/helpers.php): failed to open stream: No such file or directory in /home/guyfarro/public_html/escape/vendor/composer/autoload_real.php on line 66
[03-Nov-2018 01:38:18 UTC] PHP Fatal error:  require(): Failed opening required '/home/guyfarro/public_html/escape/vendor/composer/../tightenco/collect/src/Collect/Support/helpers.php' (include_path='.:/opt/cpanel/ea-php72/root/usr/share/pear') in /home/guyfarro/public_html/escape/vendor/composer/autoload_real.php on line 66
[03-Nov-2018 01:40:14 UTC] PHP Warning:  require(/home/guyfarro/public_html/escape/vendor/composer/../tightenco/collect/src/Collect/Support/helpers.php): failed to open stream: No such file or directory in /home/guyfarro/public_html/escape/vendor/composer/autoload_real.php on line 66
[03-Nov-2018 01:40:14 UTC] PHP Warning:  require(/home/guyfarro/public_html/escape/vendor/composer/../tightenco/collect/src/Collect/Support/helpers.php): failed to open stream: No such file or directory in /home/guyfarro/public_html/escape/vendor/composer/autoload_real.php on line 66
[03-Nov-2018 01:40:14 UTC] PHP Fatal error:  require(): Failed opening required '/home/guyfarro/public_html/escape/vendor/composer/../tightenco/collect/src/Collect/Support/helpers.php' (include_path='.:/opt/cpanel/ea-php72/root/usr/share/pear') in /home/guyfarro/public_html/escape/vendor/composer/autoload_real.php on line 66
[03-Nov-2018 01:47:20 UTC] PHP Warning:  require(/home/guyfarro/public_html/escape/vendor/composer/../tightenco/collect/src/Collect/Support/helpers.php): failed to open stream: No such file or directory in /home/guyfarro/public_html/escape/vendor/composer/autoload_real.php on line 66
[03-Nov-2018 01:47:20 UTC] PHP Warning:  require(/home/guyfarro/public_html/escape/vendor/composer/../tightenco/collect/src/Collect/Support/helpers.php): failed to open stream: No such file or directory in /home/guyfarro/public_html/escape/vendor/composer/autoload_real.php on line 66
[03-Nov-2018 01:47:20 UTC] PHP Fatal error:  require(): Failed opening required '/home/guyfarro/public_html/escape/vendor/composer/../tightenco/collect/src/Collect/Support/helpers.php' (include_path='.:/opt/cpanel/ea-php72/root/usr/share/pear') in /home/guyfarro/public_html/escape/vendor/composer/autoload_real.php on line 66
[03-Nov-2018 01:50:11 UTC] PHP Warning:  require(/home/guyfarro/public_html/escape/vendor/composer/../tightenco/collect/src/Collect/Support/helpers.php): failed to open stream: No such file or directory in /home/guyfarro/public_html/escape/vendor/composer/autoload_real.php on line 66
[03-Nov-2018 01:50:11 UTC] PHP Warning:  require(/home/guyfarro/public_html/escape/vendor/composer/../tightenco/collect/src/Collect/Support/helpers.php): failed to open stream: No such file or directory in /home/guyfarro/public_html/escape/vendor/composer/autoload_real.php on line 66
[03-Nov-2018 01:50:11 UTC] PHP Fatal error:  require(): Failed opening required '/home/guyfarro/public_html/escape/vendor/composer/../tightenco/collect/src/Collect/Support/helpers.php' (include_path='.:/opt/cpanel/ea-php72/root/usr/share/pear') in /home/guyfarro/public_html/escape/vendor/composer/autoload_real.php on line 66
